{
  "stats": {
    "suites": 1,
    "tests": 2,
    "passes": 0,
    "pending": 0,
    "failures": 2,
    "start": "2023-04-23T18:14:17.962Z",
    "end": "2023-04-23T18:16:26.255Z",
    "duration": 128293,
    "testsRegistered": 2,
    "passPercent": 0,
    "pendingPercent": 0,
    "other": 0,
    "hasOther": false,
    "skipped": 0,
    "hasSkipped": false
  },
  "results": [
    {
      "uuid": "2fa8ba2e-596d-4b7b-a799-9a9eb845590e",
      "title": "",
      "fullFile": "cypress\\e2e\\26-customCommand.cy.ts",
      "file": "cypress\\e2e\\26-customCommand.cy.ts",
      "beforeHooks": [],
      "afterHooks": [],
      "tests": [],
      "suites": [
        {
          "uuid": "8200d99e-54c1-4f29-80a7-20c6a3a4b837",
          "title": "Login Page",
          "fullFile": "",
          "file": "",
          "beforeHooks": [],
          "afterHooks": [],
          "tests": [
            {
              "title": "Sucess Login Scenario",
              "fullTitle": "Login Page Sucess Login Scenario",
              "timedOut": null,
              "duration": 75979,
              "state": "failed",
              "speed": null,
              "pass": false,
              "fail": true,
              "pending": false,
              "context": "{\n  \"title\": \"cypress-mochawesome-reporter-videos\",\n  \"value\": \"cypress\\\\e2e\\\\26-customCommand.cy.ts\"\n}",
              "code": "cy.login('test', 'Test1234*');\ncy.url().should(\"contain\", \"profile\");",
              "err": {
                "message": "CypressError: `cy.screenshot()` timed out waiting `30000ms` to complete.",
                "estack": "CypressError: `cy.screenshot()` timed out waiting `30000ms` to complete.\n    at https://demoqa.com/__cypress/runner/cypress_runner.js:139862:81\n    at tryCatcher (https://demoqa.com/__cypress/runner/cypress_runner.js:8914:23)\n    at https://demoqa.com/__cypress/runner/cypress_runner.js:4036:41\n    at tryCatcher (https://demoqa.com/__cypress/runner/cypress_runner.js:8914:23)\n    at Promise._settlePromiseFromHandler (https://demoqa.com/__cypress/runner/cypress_runner.js:6849:31)\n    at Promise._settlePromise (https://demoqa.com/__cypress/runner/cypress_runner.js:6906:18)\n    at Promise._settlePromise0 (https://demoqa.com/__cypress/runner/cypress_runner.js:6951:10)\n    at Promise._settlePromises (https://demoqa.com/__cypress/runner/cypress_runner.js:7027:18)\n    at _drainQueueStep (https://demoqa.com/__cypress/runner/cypress_runner.js:3621:12)\n    at _drainQueue (https://demoqa.com/__cypress/runner/cypress_runner.js:3614:9)\n    at ../../node_modules/bluebird/js/release/async.js.Async._drainQueues (https://demoqa.com/__cypress/runner/cypress_runner.js:3630:5)\n    at Async.drainQueues (https://demoqa.com/__cypress/runner/cypress_runner.js:3500:14)",
                "diff": null
              },
              "uuid": "e7760bb9-0633-44c9-a919-78361eb6d764",
              "parentUUID": "8200d99e-54c1-4f29-80a7-20c6a3a4b837",
              "isHook": false,
              "skipped": false
            },
            {
              "title": "Wrong User Login Scenario",
              "fullTitle": "Login Page Wrong User Login Scenario",
              "timedOut": null,
              "duration": 42015,
              "state": "failed",
              "speed": null,
              "pass": false,
              "fail": true,
              "pending": false,
              "context": "{\n  \"title\": \"cypress-mochawesome-reporter-videos\",\n  \"value\": \"cypress\\\\e2e\\\\26-customCommand.cy.ts\"\n}",
              "code": "cy.login('wrongUser', 'wrongPassword');\nprofile_1.ProfilePage.headerElement.should('have.text', 'Login');",
              "err": {
                "message": "CypressError: `cy.screenshot()` timed out waiting `30000ms` to complete.",
                "estack": "CypressError: `cy.screenshot()` timed out waiting `30000ms` to complete.\n    at https://demoqa.com/__cypress/runner/cypress_runner.js:139862:81\n    at tryCatcher (https://demoqa.com/__cypress/runner/cypress_runner.js:8914:23)\n    at https://demoqa.com/__cypress/runner/cypress_runner.js:4036:41\n    at tryCatcher (https://demoqa.com/__cypress/runner/cypress_runner.js:8914:23)\n    at Promise._settlePromiseFromHandler (https://demoqa.com/__cypress/runner/cypress_runner.js:6849:31)\n    at Promise._settlePromise (https://demoqa.com/__cypress/runner/cypress_runner.js:6906:18)\n    at Promise._settlePromise0 (https://demoqa.com/__cypress/runner/cypress_runner.js:6951:10)\n    at Promise._settlePromises (https://demoqa.com/__cypress/runner/cypress_runner.js:7027:18)\n    at _drainQueueStep (https://demoqa.com/__cypress/runner/cypress_runner.js:3621:12)\n    at _drainQueue (https://demoqa.com/__cypress/runner/cypress_runner.js:3614:9)\n    at ../../node_modules/bluebird/js/release/async.js.Async._drainQueues (https://demoqa.com/__cypress/runner/cypress_runner.js:3630:5)\n    at Async.drainQueues (https://demoqa.com/__cypress/runner/cypress_runner.js:3500:14)",
                "diff": null
              },
              "uuid": "3d311b9e-b685-4216-848d-3cb6a1f2ac4b",
              "parentUUID": "8200d99e-54c1-4f29-80a7-20c6a3a4b837",
              "isHook": false,
              "skipped": false
            }
          ],
          "suites": [],
          "passes": [],
          "failures": [
            "e7760bb9-0633-44c9-a919-78361eb6d764",
            "3d311b9e-b685-4216-848d-3cb6a1f2ac4b"
          ],
          "pending": [],
          "skipped": [],
          "duration": 117994,
          "root": false,
          "rootEmpty": false,
          "_timeout": 2000
        }
      ],
      "passes": [],
      "failures": [],
      "pending": [],
      "skipped": [],
      "duration": 0,
      "root": true,
      "rootEmpty": true,
      "_timeout": 2000
    }
  ],
  "meta": {
    "mocha": {
      "version": "7.0.1"
    },
    "mochawesome": {
      "options": {
        "quiet": false,
        "reportFilename": "mochawesome",
        "saveHtml": false,
        "saveJson": true,
        "consoleReporter": "spec",
        "useInlineDiffs": false,
        "code": true
      },
      "version": "7.1.3"
    },
    "marge": {
      "options": {
        "charts": true,
        "reportPageTitle": "udemy course report",
        "embeddedScreenshots": true,
        "inlineAssets": true,
        "saveAllAttempts": false,
        "overwrite": false,
        "html": false,
        "json": true,
        "reportDir": "cypress\\reports\\html\\.jsons"
      },
      "version": "6.2.0"
    }
  }
}